2015-03-02 17:14:09 => /server/listwork.php
[.] -> Login = admin
[.] -> Session = 47713
[.] -> Cookie-casX=25
[.] -> Cookie-casY=6
[.] -> Cookie-casZ=94
[.] -> Cookie-mapX=25
[.] -> Cookie-mapY=6
[.] -> Cookie-mapZ=94
[.] -> Session is active.
[.] -> Get-num_room=10
[.] -> Комната  бездействует.
[.] -> Игроку предложено:
     > Комната торговца 1 ур.
     > Комната лесника 1 ур.
     > Комната каменщика 1 ур.
     > Жилая комната 1 ур.
     > Складская комната 1 ур.
     > Комната менялы 1 ур.
     > Казарма щитоносцев 1 ур.
     > Казарма воинов 1 ур.
     > Комната лошадника 1 ур.
     > Комната броневика 1 ур.
     > Комната бывалого воина 1 ур.
     > Комната мастера над стрелой 1 ур.
     > Комната травника 1 ур.
     > Комната убийцы 1 ур.
     > Сокровещница 1 ур.

2015-03-02 17:14:11 => /server/StartWorkRoom.php
[.] -> Login = admin
[.] -> Session = 47713
[.] -> Cookie-casX=25
[.] -> Cookie-casY=6
[.] -> Cookie-casZ=94
[.] -> Cookie-mapX=25
[.] -> Cookie-mapY=6
[.] -> Cookie-mapZ=94
[.] -> Session is active.

2015-03-02 17:14:12 => /server/newroom.php
[.] -> Login = admin
[.] -> Session = 47713
[.] -> Cookie-casX=25
[.] -> Cookie-casY=6
[.] -> Cookie-casZ=94
[.] -> Cookie-mapX=25
[.] -> Cookie-mapY=6
[.] -> Cookie-mapZ=94
[.] -> Session is active.
[.] -> Get-num_room=10
[!] -> Get-namenewroomroom is invalid.
[.] -> Get-namenewroomroom=kamen1
[.] -> Get-men=11
Message "404 Not Found".

2015-03-02 17:14:32 => /server/listwork.php
[.] -> Login = admin
[.] -> Session = 47713
[.] -> Cookie-casX=25
[.] -> Cookie-casY=6
[.] -> Cookie-casZ=94
[.] -> Cookie-mapX=25
[.] -> Cookie-mapY=6
[.] -> Cookie-mapZ=94
[.] -> Session is active.
[.] -> Get-num_room=10
[.] -> Комната  бездействует.
[.] -> Игроку предложено:
     > Комната торговца 1 ур.
     > Комната лесника 1 ур.
     > Комната каменщика 1 ур.
     > Жилая комната 1 ур.
     > Складская комната 1 ур.
     > Комната менялы 1 ур.
     > Казарма щитоносцев 1 ур.
     > Казарма воинов 1 ур.
     > Комната лошадника 1 ур.
     > Комната броневика 1 ур.
     > Комната бывалого воина 1 ур.
     > Комната мастера над стрелой 1 ур.
     > Комната травника 1 ур.
     > Комната убийцы 1 ур.
     > Сокровещница 1 ур.

2015-03-02 17:14:33 => /server/StartWorkRoom.php
[.] -> Login = admin
[.] -> Session = 47713
[.] -> Cookie-casX=25
[.] -> Cookie-casY=6
[.] -> Cookie-casZ=94
[.] -> Cookie-mapX=25
[.] -> Cookie-mapY=6
[.] -> Cookie-mapZ=94
[.] -> Session is active.

2015-03-02 17:14:34 => /server/newroom.php
[.] -> Login = admin
[.] -> Session = 47713
[.] -> Cookie-casX=25
[.] -> Cookie-casY=6
[.] -> Cookie-casZ=94
[.] -> Cookie-mapX=25
[.] -> Cookie-mapY=6
[.] -> Cookie-mapZ=94
[.] -> Session is active.
[.] -> Get-num_room=10
[.] -> Get-namenewroomroom=kamen1
[.] -> Get-men=11
[.] -> Комната "kamen1" извлечена из базы успешно

2015-03-02 17:14:35 => /server/listwork.php
[.] -> Login = admin
[.] -> Session = 47713
[.] -> Cookie-casX=25
[.] -> Cookie-casY=6
[.] -> Cookie-casZ=94
[.] -> Cookie-mapX=25
[.] -> Cookie-mapY=6
[.] -> Cookie-mapZ=94
[.] -> Session is active.
[.] -> Get-num_room=9
[.] -> Комната  бездействует.
[.] -> Игроку предложено:
     > Комната торговца 1 ур.
     > Комната лесника 1 ур.
     > Комната каменщика 1 ур.
     > Жилая комната 1 ур.
     > Складская комната 1 ур.
     > Комната менялы 1 ур.
     > Казарма щитоносцев 1 ур.
     > Казарма воинов 1 ур.
     > Комната лошадника 1 ур.
     > Комната броневика 1 ур.
     > Комната бывалого воина 1 ур.
     > Комната мастера над стрелой 1 ур.
     > Комната травника 1 ур.
     > Комната убийцы 1 ур.
     > Сокровещница 1 ур.

2015-03-02 17:14:36 => /server/StartWorkRoom.php
[.] -> Login = admin
[.] -> Session = 47713
[.] -> Cookie-casX=25
[.] -> Cookie-casY=6
[.] -> Cookie-casZ=94
[.] -> Cookie-mapX=25
[.] -> Cookie-mapY=6
[.] -> Cookie-mapZ=94
[.] -> Session is active.

2015-03-02 17:14:37 => /server/newroom.php
[.] -> Login = admin
[.] -> Session = 47713
[.] -> Cookie-casX=25
[.] -> Cookie-casY=6
[.] -> Cookie-casZ=94
[.] -> Cookie-mapX=25
[.] -> Cookie-mapY=6
[.] -> Cookie-mapZ=94
[.] -> Session is active.
[.] -> Get-num_room=9
[.] -> Get-namenewroomroom=lesop1
[.] -> Get-men=7
[.] -> Комната "lesop1" извлечена из базы успешно

2015-03-02 17:14:37 => /server/listwork.php
[.] -> Login = admin
[.] -> Session = 47713
[.] -> Cookie-casX=25
[.] -> Cookie-casY=6
[.] -> Cookie-casZ=94
[.] -> Cookie-mapX=25
[.] -> Cookie-mapY=6
[.] -> Cookie-mapZ=94
[.] -> Session is active.
[.] -> Get-num_room=8
[.] -> Комната  бездействует.
[.] -> Игроку предложено:
     > Комната торговца 1 ур.
     > Комната лесника 1 ур.
     > Комната каменщика 1 ур.
     > Жилая комната 1 ур.
     > Складская комната 1 ур.
     > Комната менялы 1 ур.
     > Казарма щитоносцев 1 ур.
     > Казарма воинов 1 ур.
     > Комната лошадника 1 ур.
     > Комната броневика 1 ур.
     > Комната бывалого воина 1 ур.
     > Комната мастера над стрелой 1 ур.
     > Комната травника 1 ур.
     > Комната убийцы 1 ур.
     > Сокровещница 1 ур.

2015-03-02 17:14:38 => /server/StartWorkRoom.php
[.] -> Login = admin
[.] -> Session = 47713
[.] -> Cookie-casX=25
[.] -> Cookie-casY=6
[.] -> Cookie-casZ=94
[.] -> Cookie-mapX=25
[.] -> Cookie-mapY=6
[.] -> Cookie-mapZ=94
[.] -> Session is active.

2015-03-02 17:14:40 => /server/newroom.php
[.] -> Login = admin
[.] -> Session = 47713
[.] -> Cookie-casX=25
[.] -> Cookie-casY=6
[.] -> Cookie-casZ=94
[.] -> Cookie-mapX=25
[.] -> Cookie-mapY=6
[.] -> Cookie-mapZ=94
[.] -> Session is active.
[.] -> Get-num_room=8
[.] -> Get-namenewroomroom=lavka1
[.] -> Get-men=6
[.] -> Комната "lavka1" извлечена из базы успешно

2015-03-02 17:14:41 => /server/listwork.php
[.] -> Login = admin
[.] -> Session = 47713
[.] -> Cookie-casX=25
[.] -> Cookie-casY=6
[.] -> Cookie-casZ=94
[.] -> Cookie-mapX=25
[.] -> Cookie-mapY=6
[.] -> Cookie-mapZ=94
[.] -> Session is active.
[.] -> Get-num_room=17
[.] -> Комната  бездействует.
[.] -> Игроку предложено:
     > Комната торговца 1 ур.
     > Комната лесника 1 ур.
     > Комната каменщика 1 ур.
     > Жилая комната 1 ур.
     > Складская комната 1 ур.
     > Комната менялы 1 ур.
     > Казарма щитоносцев 1 ур.
     > Казарма воинов 1 ур.
     > Комната лошадника 1 ур.
     > Комната броневика 1 ур.
     > Комната бывалого воина 1 ур.
     > Комната мастера над стрелой 1 ур.
     > Комната травника 1 ур.
     > Комната убийцы 1 ур.
     > Сокровещница 1 ур.

2015-03-02 17:14:42 => /server/StartWorkRoom.php
[.] -> Login = admin
[.] -> Session = 47713
[.] -> Cookie-casX=25
[.] -> Cookie-casY=6
[.] -> Cookie-casZ=94
[.] -> Cookie-mapX=25
[.] -> Cookie-mapY=6
[.] -> Cookie-mapZ=94
[.] -> Session is active.

2015-03-02 17:14:43 => /server/newroom.php
[.] -> Login = admin
[.] -> Session = 47713
[.] -> Cookie-casX=25
[.] -> Cookie-casY=6
[.] -> Cookie-casZ=94
[.] -> Cookie-mapX=25
[.] -> Cookie-mapY=6
[.] -> Cookie-mapZ=94
[.] -> Session is active.
[.] -> Get-num_room=17
[.] -> Get-namenewroomroom=kamen1
[.] -> Get-men=11
[.] -> Комната "kamen1" извлечена из базы успешно

2015-03-02 17:14:43 => /server/listwork.php
[.] -> Login = admin
[.] -> Session = 47713
[.] -> Cookie-casX=25
[.] -> Cookie-casY=6
[.] -> Cookie-casZ=94
[.] -> Cookie-mapX=25
[.] -> Cookie-mapY=6
[.] -> Cookie-mapZ=94
[.] -> Session is active.
[.] -> Get-num_room=16
[.] -> Комната  бездействует.
[.] -> Игроку предложено:
     > Комната торговца 1 ур.
     > Комната лесника 1 ур.
     > Комната каменщика 1 ур.
     > Жилая комната 1 ур.
     > Складская комната 1 ур.
     > Комната менялы 1 ур.
     > Казарма щитоносцев 1 ур.
     > Казарма воинов 1 ур.
     > Комната лошадника 1 ур.
     > Комната броневика 1 ур.
     > Комната бывалого воина 1 ур.
     > Комната мастера над стрелой 1 ур.
     > Комната травника 1 ур.
     > Комната убийцы 1 ур.
     > Сокровещница 1 ур.

2015-03-02 17:14:44 => /server/StartWorkRoom.php
[.] -> Login = admin
[.] -> Session = 47713
[.] -> Cookie-casX=25
[.] -> Cookie-casY=6
[.] -> Cookie-casZ=94
[.] -> Cookie-mapX=25
[.] -> Cookie-mapY=6
[.] -> Cookie-mapZ=94
[.] -> Session is active.

2015-03-02 17:14:45 => /server/newroom.php
[.] -> Login = admin
[.] -> Session = 47713
[.] -> Cookie-casX=25
[.] -> Cookie-casY=6
[.] -> Cookie-casZ=94
[.] -> Cookie-mapX=25
[.] -> Cookie-mapY=6
[.] -> Cookie-mapZ=94
[.] -> Session is active.
[.] -> Get-num_room=16
[.] -> Get-namenewroomroom=lesop1
[.] -> Get-men=7
[.] -> Комната "lesop1" извлечена из базы успешно

2015-03-02 17:14:47 => /server/listwork.php
[.] -> Login = admin
[.] -> Session = 47713
[.] -> Cookie-casX=25
[.] -> Cookie-casY=6
[.] -> Cookie-casZ=94
[.] -> Cookie-mapX=25
[.] -> Cookie-mapY=6
[.] -> Cookie-mapZ=94
[.] -> Session is active.
[.] -> Get-num_room=15
[.] -> Комната  бездействует.
[.] -> Игроку предложено:
     > Комната торговца 1 ур.
     > Комната лесника 1 ур.
     > Комната каменщика 1 ур.
     > Жилая комната 1 ур.
     > Складская комната 1 ур.
     > Комната менялы 1 ур.
     > Казарма щитоносцев 1 ур.
     > Казарма воинов 1 ур.
     > Комната лошадника 1 ур.
     > Комната броневика 1 ур.
     > Комната бывалого воина 1 ур.
     > Комната мастера над стрелой 1 ур.
     > Комната травника 1 ур.
     > Комната убийцы 1 ур.
     > Сокровещница 1 ур.

2015-03-02 17:14:48 => /server/StartWorkRoom.php
[.] -> Login = admin
[.] -> Session = 47713
[.] -> Cookie-casX=25
[.] -> Cookie-casY=6
[.] -> Cookie-casZ=94
[.] -> Cookie-mapX=25
[.] -> Cookie-mapY=6
[.] -> Cookie-mapZ=94
[.] -> Session is active.

2015-03-02 17:14:49 => /server/newroom.php
[.] -> Login = admin
[.] -> Session = 47713
[.] -> Cookie-casX=25
[.] -> Cookie-casY=6
[.] -> Cookie-casZ=94
[.] -> Cookie-mapX=25
[.] -> Cookie-mapY=6
[.] -> Cookie-mapZ=94
[.] -> Session is active.
[.] -> Get-num_room=15
[.] -> Get-namenewroomroom=lavka1
[.] -> Get-men=6
[.] -> Комната "lavka1" извлечена из базы успешно

2015-03-02 17:14:53 => /server/listwork.php
[.] -> Login = admin
[.] -> Session = 47713
[.] -> Cookie-casX=25
[.] -> Cookie-casY=6
[.] -> Cookie-casZ=94
[.] -> Cookie-mapX=25
[.] -> Cookie-mapY=6
[.] -> Cookie-mapZ=94
[.] -> Session is active.
[.] -> Get-num_room=14
[.] -> Комната  бездействует.
[.] -> Игроку предложено:
     > Комната торговца 1 ур.
     > Комната лесника 1 ур.
     > Комната каменщика 1 ур.
     > Жилая комната 1 ур.
     > Складская комната 1 ур.
     > Комната менялы 1 ур.
     > Казарма щитоносцев 1 ур.
     > Казарма воинов 1 ур.
     > Комната лошадника 1 ур.
     > Комната броневика 1 ур.
     > Комната бывалого воина 1 ур.
     > Комната мастера над стрелой 1 ур.
     > Комната травника 1 ур.
     > Комната убийцы 1 ур.
     > Сокровещница 1 ур.

2015-03-02 17:14:55 => /server/StartWorkRoom.php
[.] -> Login = admin
[.] -> Session = 47713
[.] -> Cookie-casX=25
[.] -> Cookie-casY=6
[.] -> Cookie-casZ=94
[.] -> Cookie-mapX=25
[.] -> Cookie-mapY=6
[.] -> Cookie-mapZ=94
[.] -> Session is active.

2015-03-02 17:14:58 => /server/newroom.php
[.] -> Login = admin
[.] -> Session = 47713
[.] -> Cookie-casX=25
[.] -> Cookie-casY=6
[.] -> Cookie-casZ=94
[.] -> Cookie-mapX=25
[.] -> Cookie-mapY=6
[.] -> Cookie-mapZ=94
[.] -> Session is active.
[.] -> Get-num_room=14
[.] -> Get-namenewroomroom=haus1
[.] -> Get-men=40
[.] -> Комната "haus1" извлечена из базы успешно

2015-03-02 17:14:59 => /server/listwork.php
[.] -> Login = admin
[.] -> Session = 47713
[.] -> Cookie-casX=25
[.] -> Cookie-casY=6
[.] -> Cookie-casZ=94
[.] -> Cookie-mapX=25
[.] -> Cookie-mapY=6
[.] -> Cookie-mapZ=94
[.] -> Session is active.
[.] -> Get-num_room=21
[.] -> Комната  бездействует.
[.] -> Игроку предложено:
     > Комната торговца 1 ур.
     > Комната лесника 1 ур.
     > Комната каменщика 1 ур.
     > Жилая комната 1 ур.
     > Складская комната 1 ур.
     > Комната менялы 1 ур.
     > Казарма щитоносцев 1 ур.
     > Казарма воинов 1 ур.
     > Комната лошадника 1 ур.
     > Комната броневика 1 ур.
     > Комната бывалого воина 1 ур.
     > Комната мастера над стрелой 1 ур.
     > Комната травника 1 ур.
     > Комната убийцы 1 ур.
     > Сокровещница 1 ур.

2015-03-02 17:15:01 => /server/StartWorkRoom.php
[.] -> Login = admin
[.] -> Session = 47713
[.] -> Cookie-casX=25
[.] -> Cookie-casY=6
[.] -> Cookie-casZ=94
[.] -> Cookie-mapX=25
[.] -> Cookie-mapY=6
[.] -> Cookie-mapZ=94
[.] -> Session is active.

2015-03-02 17:15:02 => /server/newroom.php
[.] -> Login = admin
[.] -> Session = 47713
[.] -> Cookie-casX=25
[.] -> Cookie-casY=6
[.] -> Cookie-casZ=94
[.] -> Cookie-mapX=25
[.] -> Cookie-mapY=6
[.] -> Cookie-mapZ=94
[.] -> Session is active.
[.] -> Get-num_room=21
[.] -> Get-namenewroomroom=haus1
[.] -> Get-men=40
[.] -> Комната "haus1" извлечена из базы успешно

2015-03-02 17:15:07 => /server/listwork.php
[.] -> Login = admin
[.] -> Session = 47713
[.] -> Cookie-casX=25
[.] -> Cookie-casY=6
[.] -> Cookie-casZ=94
[.] -> Cookie-mapX=25
[.] -> Cookie-mapY=6
[.] -> Cookie-mapZ=94
[.] -> Session is active.
[.] -> Get-num_room=1
[.] -> Комната lavka2 бездействует.
[.] -> Игроку предложено:
     > Комната торговца 3 ур.

2015-03-02 17:15:08 => /server/StartWorkRoom.php
[.] -> Login = admin
[.] -> Session = 47713
[.] -> Cookie-casX=25
[.] -> Cookie-casY=6
[.] -> Cookie-casZ=94
[.] -> Cookie-mapX=25
[.] -> Cookie-mapY=6
[.] -> Cookie-mapZ=94
[.] -> Session is active.

2015-03-02 17:15:11 => /server/newroom.php
[.] -> Login = admin
[.] -> Session = 47713
[.] -> Cookie-casX=25
[.] -> Cookie-casY=6
[.] -> Cookie-casZ=94
[.] -> Cookie-mapX=25
[.] -> Cookie-mapY=6
[.] -> Cookie-mapZ=94
[.] -> Session is active.
[.] -> Get-num_room=1
[.] -> Get-namenewroomroom=lavka3
[.] -> Get-men=54
[.] -> Комната "lavka3" извлечена из базы успешно

2015-03-02 17:15:11 => /server/listwork.php
[.] -> Login = admin
[.] -> Session = 47713
[.] -> Cookie-casX=25
[.] -> Cookie-casY=6
[.] -> Cookie-casZ=94
[.] -> Cookie-mapX=25
[.] -> Cookie-mapY=6
[.] -> Cookie-mapZ=94
[.] -> Session is active.
[.] -> Get-num_room=2
[.] -> Комната lesop2 бездействует.
[.] -> Игроку предложено:
     > Комната лесника 3 ур.

2015-03-02 17:15:13 => /server/StartWorkRoom.php
[.] -> Login = admin
[.] -> Session = 47713
[.] -> Cookie-casX=25
[.] -> Cookie-casY=6
[.] -> Cookie-casZ=94
[.] -> Cookie-mapX=25
[.] -> Cookie-mapY=6
[.] -> Cookie-mapZ=94
[.] -> Session is active.

2015-03-02 17:15:13 => /server/newroom.php
[.] -> Login = admin
[.] -> Session = 47713
[.] -> Cookie-casX=25
[.] -> Cookie-casY=6
[.] -> Cookie-casZ=94
[.] -> Cookie-mapX=25
[.] -> Cookie-mapY=6
[.] -> Cookie-mapZ=94
[.] -> Session is active.
[.] -> Get-num_room=2
[.] -> Get-namenewroomroom=lesop3
[.] -> Get-men=63
[.] -> Комната "lesop3" извлечена из базы успешно

2015-03-02 17:15:14 => /server/listwork.php
[.] -> Login = admin
[.] -> Session = 47713
[.] -> Cookie-casX=25
[.] -> Cookie-casY=6
[.] -> Cookie-casZ=94
[.] -> Cookie-mapX=25
[.] -> Cookie-mapY=6
[.] -> Cookie-mapZ=94
[.] -> Session is active.
[.] -> Get-num_room=3
[.] -> Комната kamen2 бездействует.
[.] -> Игроку предложено:
     > Комната каменщика 3 ур.

2015-03-02 17:15:15 => /server/StartWorkRoom.php
[.] -> Login = admin
[.] -> Session = 47713
[.] -> Cookie-casX=25
[.] -> Cookie-casY=6
[.] -> Cookie-casZ=94
[.] -> Cookie-mapX=25
[.] -> Cookie-mapY=6
[.] -> Cookie-mapZ=94
[.] -> Session is active.

2015-03-02 17:15:15 => /server/newroom.php
[.] -> Login = admin
[.] -> Session = 47713
[.] -> Cookie-casX=25
[.] -> Cookie-casY=6
[.] -> Cookie-casZ=94
[.] -> Cookie-mapX=25
[.] -> Cookie-mapY=6
[.] -> Cookie-mapZ=94
[.] -> Session is active.
[.] -> Get-num_room=3
[.] -> Get-namenewroomroom=kamen3
[.] -> Get-men=99
[.] -> Комната "kamen3" извлечена из базы успешно

2015-03-02 17:15:16 => /server/listwork.php
[.] -> Login = admin
[.] -> Session = 47713
[.] -> Cookie-casX=25
[.] -> Cookie-casY=6
[.] -> Cookie-casZ=94
[.] -> Cookie-mapX=25
[.] -> Cookie-mapY=6
[.] -> Cookie-mapZ=94
[.] -> Session is active.
[.] -> Get-num_room=10
[.] -> Комната kamen1 бездействует.
[.] -> Игроку предложено:
     > Комната каменщика 2 ур.

2015-03-02 17:15:17 => /server/StartWorkRoom.php
[.] -> Login = admin
[.] -> Session = 47713
[.] -> Cookie-casX=25
[.] -> Cookie-casY=6
[.] -> Cookie-casZ=94
[.] -> Cookie-mapX=25
[.] -> Cookie-mapY=6
[.] -> Cookie-mapZ=94
[.] -> Session is active.

2015-03-02 17:15:18 => /server/newroom.php
[.] -> Login = admin
[.] -> Session = 47713
[.] -> Cookie-casX=25
[.] -> Cookie-casY=6
[.] -> Cookie-casZ=94
[.] -> Cookie-mapX=25
[.] -> Cookie-mapY=6
[.] -> Cookie-mapZ=94
[.] -> Session is active.
[.] -> Get-num_room=10
[.] -> Get-namenewroomroom=kamen2
[.] -> Get-men=44
[.] -> Комната "kamen2" извлечена из базы успешно

2015-03-02 17:15:18 => /server/listwork.php
[.] -> Login = admin
[.] -> Session = 47713
[.] -> Cookie-casX=25
[.] -> Cookie-casY=6
[.] -> Cookie-casZ=94
[.] -> Cookie-mapX=25
[.] -> Cookie-mapY=6
[.] -> Cookie-mapZ=94
[.] -> Session is active.
[.] -> Get-num_room=17
[.] -> Комната kamen1 бездействует.
[.] -> Игроку предложено:
     > Комната каменщика 2 ур.

2015-03-02 17:15:19 => /server/StartWorkRoom.php
[.] -> Login = admin
[.] -> Session = 47713
[.] -> Cookie-casX=25
[.] -> Cookie-casY=6
[.] -> Cookie-casZ=94
[.] -> Cookie-mapX=25
[.] -> Cookie-mapY=6
[.] -> Cookie-mapZ=94
[.] -> Session is active.

2015-03-02 17:15:20 => /server/newroom.php
[.] -> Login = admin
[.] -> Session = 47713
[.] -> Cookie-casX=25
[.] -> Cookie-casY=6
[.] -> Cookie-casZ=94
[.] -> Cookie-mapX=25
[.] -> Cookie-mapY=6
[.] -> Cookie-mapZ=94
[.] -> Session is active.
[.] -> Get-num_room=17
[.] -> Get-namenewroomroom=kamen2
[.] -> Get-men=44
[.] -> Комната "kamen2" извлечена из базы успешно

2015-03-02 17:15:21 => /server/listwork.php
[.] -> Login = admin
[.] -> Session = 47713
[.] -> Cookie-casX=25
[.] -> Cookie-casY=6
[.] -> Cookie-casZ=94
[.] -> Cookie-mapX=25
[.] -> Cookie-mapY=6
[.] -> Cookie-mapZ=94
[.] -> Session is active.
[.] -> Get-num_room=16
[.] -> Комната lesop1 бездействует.
[.] -> Игроку предложено:
     > Комната лесника 2 ур.

2015-03-02 17:15:22 => /server/StartWorkRoom.php
[.] -> Login = admin
[.] -> Session = 47713
[.] -> Cookie-casX=25
[.] -> Cookie-casY=6
[.] -> Cookie-casZ=94
[.] -> Cookie-mapX=25
[.] -> Cookie-mapY=6
[.] -> Cookie-mapZ=94
[.] -> Session is active.

2015-03-02 17:15:23 => /server/newroom.php
[.] -> Login = admin
[.] -> Session = 47713
[.] -> Cookie-casX=25
[.] -> Cookie-casY=6
[.] -> Cookie-casZ=94
[.] -> Cookie-mapX=25
[.] -> Cookie-mapY=6
[.] -> Cookie-mapZ=94
[.] -> Session is active.
[.] -> Get-num_room=16
[.] -> Get-namenewroomroom=lesop2
[.] -> Get-men=28
[.] -> Комната "lesop2" извлечена из базы успешно

2015-03-02 17:15:24 => /server/listwork.php
[.] -> Login = admin
[.] -> Session = 47713
[.] -> Cookie-casX=25
[.] -> Cookie-casY=6
[.] -> Cookie-casZ=94
[.] -> Cookie-mapX=25
[.] -> Cookie-mapY=6
[.] -> Cookie-mapZ=94
[.] -> Session is active.
[.] -> Get-num_room=9
[.] -> Комната lesop1 бездействует.
[.] -> Игроку предложено:
     > Комната лесника 2 ур.

2015-03-02 17:15:24 => /server/StartWorkRoom.php
[.] -> Login = admin
[.] -> Session = 47713
[.] -> Cookie-casX=25
[.] -> Cookie-casY=6
[.] -> Cookie-casZ=94
[.] -> Cookie-mapX=25
[.] -> Cookie-mapY=6
[.] -> Cookie-mapZ=94
[.] -> Session is active.

2015-03-02 17:15:25 => /server/newroom.php
[.] -> Login = admin
[.] -> Session = 47713
[.] -> Cookie-casX=25
[.] -> Cookie-casY=6
[.] -> Cookie-casZ=94
[.] -> Cookie-mapX=25
[.] -> Cookie-mapY=6
[.] -> Cookie-mapZ=94
[.] -> Session is active.
[.] -> Get-num_room=9
[.] -> Get-namenewroomroom=lesop2
[.] -> Get-men=28
[.] -> Комната "lesop2" извлечена из базы успешно

2015-03-02 17:15:26 => /server/listwork.php
[.] -> Login = admin
[.] -> Session = 47713
[.] -> Cookie-casX=25
[.] -> Cookie-casY=6
[.] -> Cookie-casZ=94
[.] -> Cookie-mapX=25
[.] -> Cookie-mapY=6
[.] -> Cookie-mapZ=94
[.] -> Session is active.
[.] -> Get-num_room=15
[.] -> Комната lavka1 бездействует.
[.] -> Игроку предложено:
     > Комната торговца 2 ур.

2015-03-02 17:15:27 => /server/StartWorkRoom.php
[.] -> Login = admin
[.] -> Session = 47713
[.] -> Cookie-casX=25
[.] -> Cookie-casY=6
[.] -> Cookie-casZ=94
[.] -> Cookie-mapX=25
[.] -> Cookie-mapY=6
[.] -> Cookie-mapZ=94
[.] -> Session is active.

2015-03-02 17:15:27 => /server/newroom.php
[.] -> Login = admin
[.] -> Session = 47713
[.] -> Cookie-casX=25
[.] -> Cookie-casY=6
[.] -> Cookie-casZ=94
[.] -> Cookie-mapX=25
[.] -> Cookie-mapY=6
[.] -> Cookie-mapZ=94
[.] -> Session is active.
[.] -> Get-num_room=15
[.] -> Get-namenewroomroom=lavka2
[.] -> Get-men=24
[.] -> Комната "lavka2" извлечена из базы успешно

2015-03-02 17:15:28 => /server/listwork.php
[.] -> Login = admin
[.] -> Session = 47713
[.] -> Cookie-casX=25
[.] -> Cookie-casY=6
[.] -> Cookie-casZ=94
[.] -> Cookie-mapX=25
[.] -> Cookie-mapY=6
[.] -> Cookie-mapZ=94
[.] -> Session is active.
[.] -> Get-num_room=8
[.] -> Комната lavka1 бездействует.
[.] -> Игроку предложено:
     > Комната торговца 2 ур.

2015-03-02 17:15:29 => /server/StartWorkRoom.php
[.] -> Login = admin
[.] -> Session = 47713
[.] -> Cookie-casX=25
[.] -> Cookie-casY=6
[.] -> Cookie-casZ=94
[.] -> Cookie-mapX=25
[.] -> Cookie-mapY=6
[.] -> Cookie-mapZ=94
[.] -> Session is active.

2015-03-02 17:15:31 => /server/newroom.php
[.] -> Login = admin
[.] -> Session = 47713
[.] -> Cookie-casX=25
[.] -> Cookie-casY=6
[.] -> Cookie-casZ=94
[.] -> Cookie-mapX=25
[.] -> Cookie-mapY=6
[.] -> Cookie-mapZ=94
[.] -> Session is active.
[.] -> Get-num_room=8
[.] -> Get-namenewroomroom=lavka2
[.] -> Get-men=24
[.] -> Комната "lavka2" извлечена из базы успешно

2015-03-02 17:15:32 => /server/listwork.php
[.] -> Login = admin
[.] -> Session = 47713
[.] -> Cookie-casX=25
[.] -> Cookie-casY=6
[.] -> Cookie-casZ=94
[.] -> Cookie-mapX=25
[.] -> Cookie-mapY=6
[.] -> Cookie-mapZ=94
[.] -> Session is active.
[.] -> Get-num_room=7
[.] -> Комната haus1 бездействует.
[.] -> Игроку предложено:
     > Жилая комната 2 ур.

2015-03-02 17:15:33 => /server/StartWorkRoom.php
[.] -> Login = admin
[.] -> Session = 47713
[.] -> Cookie-casX=25
[.] -> Cookie-casY=6
[.] -> Cookie-casZ=94
[.] -> Cookie-mapX=25
[.] -> Cookie-mapY=6
[.] -> Cookie-mapZ=94
[.] -> Session is active.

