UPDATE `game`.`castle` SET `c_23_n` = "sklad1",  `c_23_1` = "-900", `c_23_2` = "120", `c_23_3` = "201", `gold` = `gold`-2000, `tree` = `tree`-600, `stone` = `stone`-150, `men`=`men`-"120" WHERE `castle`.`id` = "1" and `x`="74" and `y`="61" and `z`="59"
UPDATE `game`.`castle` SET `c_24_n` = "sklad1",  `c_24_1` = "-1636", `c_24_2` = "66", `c_24_3` = "201", `gold` = `gold`-2000, `tree` = `tree`-600, `stone` = `stone`-150, `men`=`men`-"66" WHERE `castle`.`id` = "1" and `x`="74" and `y`="61" and `z`="59"
UPDATE `game`.`castle` SET `c_24_n` = "sklad1",  `c_24_1` = "-900", `c_24_2` = "120", `c_24_3` = "201", `gold` = `gold`-2000, `tree` = `tree`-600, `stone` = `stone`-150, `men`=`men`-"120" WHERE `castle`.`id` = "1" and `x`="74" and `y`="61" and `z`="59"
UPDATE `game`.`castle` SET `c_24_n` = "sklad1",  `c_24_1` = "-900", `c_24_2` = "120", `c_24_3` = "201", `gold` = `gold`-2000, `tree` = `tree`-600, `stone` = `stone`-150, `men`=`men`-"120" WHERE `castle`.`id` = "1" and `x`="74" and `y`="61" and `z`="59"
UPDATE `game`.`castle` SET `c_1_n` = "lavka1",  `c_1_1` = "-41", `c_1_2` = "8", `c_1_3` = "1", `gold` = `gold`-8, `tree` = `tree`-10, `stone` = `stone`-4, `men`=`men`-"8" WHERE `castle`.`id` = "1" and `x`="99" and `y`="50" and `z`="99"
UPDATE `game`.`castle` SET `c_1_n` = "lavka1",  `c_1_1` = "-41", `c_1_2` = "8", `c_1_3` = "1", `gold` = `gold`-8, `tree` = `tree`-10, `stone` = `stone`-4, `men`=`men`-"8" WHERE `castle`.`id` = "1" and `x`="99" and `y`="18" and `z`="15"
UPDATE `game`.`castle` SET `c_1_n` = "lavka1",  `c_1_1` = "-41", `c_1_2` = "8", `c_1_3` = "1", `gold` = `gold`-8, `tree` = `tree`-10, `stone` = `stone`-4, `men`=`men`-"8" WHERE `castle`.`id` = "1" and `x`="61" and `y`="37" and `z`="107"
UPDATE `game`.`castle` SET `c_2_n` = "lesop1",  `c_2_1` = "-26", `c_2_2` = "12", `c_2_3` = "51", `gold` = `gold`-40, `tree` = `tree`-4, `stone` = `stone`-2, `men`=`men`-"12" WHERE `castle`.`id` = "1" and `x`="61" and `y`="37" and `z`="107"
UPDATE `game`.`castle` SET `c_3_n` = "kamen1",  `c_3_1` = "-34", `c_3_2` = "11", `c_3_3` = "101", `gold` = `gold`-20, `tree` = `tree`-15, `stone` = `stone`-1, `men`=`men`-"11" WHERE `castle`.`id` = "1" and `x`="61" and `y`="37" and `z`="107"
UPDATE `game`.`castle` SET `c_4_n` = "haus1",  `c_4_1` = "-307", `c_4_2` = "50", `c_4_3` = "151", `gold` = `gold`-400, `tree` = `tree`-100, `stone` = `stone`-20, `men`=`men`-"50" WHERE `castle`.`id` = "1" and `x`="61" and `y`="37" and `z`="107"
UPDATE `game`.`castle` SET `c_1_n` = "lavka2",  `c_1_1` = "-164", `c_1_2` = "32", `c_1_3` = "2", `gold` = `gold`-16, `tree` = `tree`-40, `stone` = `stone`-16, `men`=`men`-"32" WHERE `castle`.`id` = "1" and `x`="61" and `y`="37" and `z`="107"
UPDATE `game`.`castle` SET `c_1_n` = "lavka3",  `c_1_1` = "-369", `c_1_2` = "72", `c_1_3` = "3", `gold` = `gold`-24, `tree` = `tree`-90, `stone` = `stone`-36, `men`=`men`-"72" WHERE `castle`.`id` = "1" and `x`="61" and `y`="37" and `z`="107"
UPDATE `game`.`castle` SET `c_2_n` = "lesop2",  `c_2_1` = "-104", `c_2_2` = "48", `c_2_3` = "52", `gold` = `gold`-160, `tree` = `tree`-8, `stone` = `stone`-8, `men`=`men`-"48" WHERE `castle`.`id` = "1" and `x`="61" and `y`="37" and `z`="107"
UPDATE `game`.`castle` SET `c_3_n` = "kamen2",  `c_3_1` = "-136", `c_3_2` = "44", `c_3_3` = "102", `gold` = `gold`-80, `tree` = `tree`-60, `stone` = `stone`-2, `men`=`men`-"44" WHERE `castle`.`id` = "1" and `x`="61" and `y`="37" and `z`="107"
UPDATE `game`.`castle` SET `c_1_n` = "lavka4",  `c_1_1` = "-656", `c_1_2` = "128", `c_1_3` = "4", `gold` = `gold`-32, `tree` = `tree`-160, `stone` = `stone`-64, `men`=`men`-"128" WHERE `castle`.`id` = "1" and `x`="61" and `y`="37" and `z`="107"
UPDATE `game`.`castle` SET `c_2_n` = "lesop3",  `c_2_1` = "-234", `c_2_2` = "108", `c_2_3` = "53", `gold` = `gold`-360, `tree` = `tree`-12, `stone` = `stone`-18, `men`=`men`-"108" WHERE `castle`.`id` = "1" and `x`="61" and `y`="37" and `z`="107"
UPDATE `game`.`castle` SET `c_3_n` = "kamen3",  `c_3_1` = "-306", `c_3_2` = "99", `c_3_3` = "103", `gold` = `gold`-180, `tree` = `tree`-135, `stone` = `stone`-3, `men`=`men`-"99" WHERE `castle`.`id` = "1" and `x`="61" and `y`="37" and `z`="107"
UPDATE `game`.`castle` SET `c_4_n` = "haus2",  `c_4_1` = "-960", `c_4_2` = "256", `c_4_3` = "152", `gold` = `gold`-1600, `tree` = `tree`-400, `stone` = `stone`-80, `men`=`men`-"256" WHERE `castle`.`id` = "1" and `x`="61" and `y`="37" and `z`="107"
UPDATE `game`.`castle` SET `c_1_n` = "lavka5",  `c_1_1` = "-1025", `c_1_2` = "200", `c_1_3` = "5", `gold` = `gold`-40, `tree` = `tree`-250, `stone` = `stone`-100, `men`=`men`-"200" WHERE `castle`.`id` = "1" and `x`="61" and `y`="37" and `z`="107"
UPDATE `game`.`castle` SET `c_1_n` = "lavka6",  `c_1_1` = "-1476", `c_1_2` = "288", `c_1_3` = "6", `gold` = `gold`-48, `tree` = `tree`-360, `stone` = `stone`-144, `men`=`men`-"288" WHERE `castle`.`id` = "1" and `x`="61" and `y`="37" and `z`="107"
UPDATE `game`.`castle` SET `c_1_n` = "lavka7",  `c_1_1` = "-2009", `c_1_2` = "392", `c_1_3` = "7", `gold` = `gold`-56, `tree` = `tree`-490, `stone` = `stone`-196, `men`=`men`-"392" WHERE `castle`.`id` = "1" and `x`="61" and `y`="37" and `z`="107"
UPDATE `game`.`castle` SET `c_1_n` = "lavka8",  `c_1_1` = "-2624", `c_1_2` = "512", `c_1_3` = "8", `gold` = `gold`-64, `tree` = `tree`-640, `stone` = `stone`-256, `men`=`men`-"512" WHERE `castle`.`id` = "1" and `x`="61" and `y`="37" and `z`="107"
UPDATE `game`.`castle` SET `c_1_n` = "lavka9",  `c_1_1` = "-3321", `c_1_2` = "648", `c_1_3` = "9", `gold` = `gold`-72, `tree` = `tree`-810, `stone` = `stone`-324, `men`=`men`-"648" WHERE `castle`.`id` = "1" and `x`="61" and `y`="37" and `z`="107"
UPDATE `game`.`castle` SET `c_1_n` = "lavka10",  `c_1_1` = "-4100", `c_1_2` = "800", `c_1_3` = "10", `gold` = `gold`-80, `tree` = `tree`-1000, `stone` = `stone`-400, `men`=`men`-"800" WHERE `castle`.`id` = "1" and `x`="61" and `y`="37" and `z`="107"
UPDATE `game`.`castle` SET `c_1_n` = "lavka11",  `c_1_1` = "-4961", `c_1_2` = "968", `c_1_3` = "11", `gold` = `gold`-88, `tree` = `tree`-1210, `stone` = `stone`-484, `men`=`men`-"968" WHERE `castle`.`id` = "1" and `x`="61" and `y`="37" and `z`="107"
